Filatelie3/app/build/intermediates/manifest_merge_blame_file/release/manifest-merger-blame-release-report.txt
1<?xml version="1.0" encoding="utf-8"?>
2<manifest xmlns:android="http://schemas.android.com/apk/res/android"
3    package="com.partenie.alex.filatelie"
4    android:versionCode="1"
5    android:versionName="1.0" >
6
7    <uses-sdk
8        android:minSdkVersion="21"
8-->src\main\AndroidManifest.xml
9        android:targetSdkVersion="29" />
9-->src\main\AndroidManifest.xml
10
11    <uses-permission android:name="android.permission.ACCESS_NETWORK_STATE" />
11-->src\main\AndroidManifest.xml:5:5-79
11-->src\main\AndroidManifest.xml:5:22-76
12    <uses-permission android:name="android.permission.WRITE_EXTERNAL_STORAGE" />
12-->src\main\AndroidManifest.xml:6:5-81
12-->src\main\AndroidManifest.xml:6:22-78
13    <uses-permission android:name="android.permission.READ_EXTERNAL_STORAGE" />
13-->src\main\AndroidManifest.xml:7:5-80
13-->src\main\AndroidManifest.xml:7:22-77
14    <uses-permission android:name="android.permission.INTERNET" />
14-->src\main\AndroidManifest.xml:8:5-67
14-->src\main\AndroidManifest.xml:8:22-64
15    <uses-permission android:name="android.permission.CAMERA" />
15-->src\main\AndroidManifest.xml:9:5-65
15-->src\main\AndroidManifest.xml:9:22-62
16
17    <application
17-->src\main\AndroidManifest.xml:11:5-29:19
18        android:allowBackup="true"
18-->src\main\AndroidManifest.xml:12:9-35
19        android:appComponentFactory="androidx.core.app.CoreComponentFactory"
19-->[androidx.core:core:1.1.0] AndroidManifest.xml:24:18-86
20        android:icon="@mipmap/ic_launcher"
20-->src\main\AndroidManifest.xml:13:9-43
21        android:label="@string/app_name"
21-->src\main\AndroidManifest.xml:14:9-41
22        android:roundIcon="@mipmap/ic_launcher_round"
22-->src\main\AndroidManifest.xml:15:9-54
23        android:supportsRtl="true"
23-->src\main\AndroidManifest.xml:16:9-35
24        android:theme="@style/AppTheme" >
24-->src\main\AndroidManifest.xml:17:9-40
25        <activity
25-->src\main\AndroidManifest.xml:18:9-20:69
26            android:name="com.partenie.alex.filatelie.ui.login.LoginActivity"
26-->src\main\AndroidManifest.xml:19:13-51
27            android:label="@string/title_activity_login" />
27-->src\main\AndroidManifest.xml:20:13-57
28        <activity android:name="com.partenie.alex.filatelie.AddItemActivity" />
28-->src\main\AndroidManifest.xml:21:9-53
28-->src\main\AndroidManifest.xml:21:19-50
29        <activity android:name="com.partenie.alex.filatelie.MainActivity" >
29-->src\main\AndroidManifest.xml:22:9-28:20
29-->src\main\AndroidManifest.xml:22:19-47
30            <intent-filter>
30-->src\main\AndroidManifest.xml:23:13-27:29
31                <action android:name="android.intent.action.MAIN" />
31-->src\main\AndroidManifest.xml:24:17-69
31-->src\main\AndroidManifest.xml:24:25-66
32
33                <category android:name="android.intent.category.LAUNCHER" />
33-->src\main\AndroidManifest.xml:26:17-77
33-->src\main\AndroidManifest.xml:26:27-74
34            </intent-filter>
35        </activity>
36        <activity
36-->[com.google.android.gms:play-services-auth:17.0.0] AndroidManifest.xml:23:9-27:75
37            android:name="com.google.android.gms.auth.api.signin.internal.SignInHubActivity"
37-->[com.google.android.gms:play-services-auth:17.0.0] AndroidManifest.xml:24:13-93
38            android:excludeFromRecents="true"
38-->[com.google.android.gms:play-services-auth:17.0.0] AndroidManifest.xml:25:13-46
39            android:exported="false"
39-->[com.google.android.gms:play-services-auth:17.0.0] AndroidManifest.xml:26:13-37
40            android:theme="@android:style/Theme.Translucent.NoTitleBar" />
40-->[com.google.android.gms:play-services-auth:17.0.0] AndroidManifest.xml:27:13-72
41        <!--
42            Service handling Google Sign-In user revocation. For apps that do not integrate with
43            Google Sign-In, this service will never be started.
44        -->
45        <service
45-->[com.google.android.gms:play-services-auth:17.0.0] AndroidManifest.xml:33:9-36:110
46            android:name="com.google.android.gms.auth.api.signin.RevocationBoundService"
46-->[com.google.android.gms:play-services-auth:17.0.0] AndroidManifest.xml:34:13-89
47            android:exported="true"
47-->[com.google.android.gms:play-services-auth:17.0.0] AndroidManifest.xml:35:13-36
48            android:permission="com.google.android.gms.auth.api.signin.permission.REVOCATION_NOTIFICATION" />
48-->[com.google.android.gms:play-services-auth:17.0.0] AndroidManifest.xml:36:13-107
49
50        <activity
50-->[pub.devrel:easypermissions:3.0.0] AndroidManifest.xml:12:9-16:66
51            android:name="pub.devrel.easypermissions.AppSettingsDialogHolderActivity"
51-->[pub.devrel:easypermissions:3.0.0] AndroidManifest.xml:13:13-86
52            android:exported="false"
52-->[pub.devrel:easypermissions:3.0.0] AndroidManifest.xml:14:13-37
53            android:label=""
53-->[pub.devrel:easypermissions:3.0.0] AndroidManifest.xml:15:13-29
54            android:theme="@style/EasyPermissions.Transparent" />
54-->[pub.devrel:easypermissions:3.0.0] AndroidManifest.xml:16:13-63
55        <activity
55-->[com.google.android.gms:play-services-base:17.0.0] AndroidManifest.xml:23:9-26:75
56            android:name="com.google.android.gms.common.api.GoogleApiActivity"
56-->[com.google.android.gms:play-services-base:17.0.0] AndroidManifest.xml:24:13-79
57            android:exported="false"
57-->[com.google.android.gms:play-services-base:17.0.0] AndroidManifest.xml:25:13-37
58            android:theme="@android:style/Theme.Translucent.NoTitleBar" />
58-->[com.google.android.gms:play-services-base:17.0.0] AndroidManifest.xml:26:13-72
59
60        <meta-data
60-->[com.google.android.gms:play-services-basement:17.0.0] AndroidManifest.xml:23:9-25:69
61            android:name="com.google.android.gms.version"
61-->[com.google.android.gms:play-services-basement:17.0.0] AndroidManifest.xml:24:13-58
62            android:value="@integer/google_play_services_version" />
62-->[com.google.android.gms:play-services-basement:17.0.0] AndroidManifest.xml:25:13-66
63
64        <provider
64-->[androidx.lifecycle:lifecycle-process:2.1.0] AndroidManifest.xml:23:9-27:43
65            android:name="androidx.lifecycle.ProcessLifecycleOwnerInitializer"
65-->[androidx.lifecycle:lifecycle-process:2.1.0] AndroidManifest.xml:24:13-79
66            android:authorities="com.partenie.alex.filatelie.lifecycle-process"
66-->[androidx.lifecycle:lifecycle-process:2.1.0] AndroidManifest.xml:25:13-69
67            android:exported="false"
67-->[androidx.lifecycle:lifecycle-process:2.1.0] AndroidManifest.xml:26:13-37
68            android:multiprocess="true" />
68-->[androidx.lifecycle:lifecycle-process:2.1.0] AndroidManifest.xml:27:13-40
69    </application>
70
71</manifest>